GeoSys-OUT: Output ------------------------------------------------
#OUTPUT
$NOD_VALUES
   STRAIN_PLS
   PRESSURE1
   STRESS_XX
   STRESS_YY
   STRESS_ZZ
   STRESS_XY
   STRESS_XZ
   STRESS_YZ
   VELOCITY_X1
   VELOCITY_Y1
   VELOCITY_Z1
   DISPLACEMENT_X1
   DISPLACEMENT_Y1
   DISPLACEMENT_Z1
$GEO_TYPE
   POINT P2
$DAT_TYPE
   TECPLOT
$TIM_TYPE
   STEPS 200
#OUTPUT
$NOD_VALUES
   STRAIN_PLS
   PRESSURE1
   STRESS_XX
   STRESS_YY
   STRESS_ZZ
   STRESS_XY
   STRESS_XZ
   STRESS_YZ
   VELOCITY_X1
   VELOCITY_Y1
   VELOCITY_Z1
   DISPLACEMENT_X1
   DISPLACEMENT_Y1
   DISPLACEMENT_Z1
$GEO_TYPE
   POINT P3_fault
$DAT_TYPE
   TECPLOT
$TIM_TYPE
   STEPS 200
#OUTPUT
$NOD_VALUES
   STRAIN_PLS
   PRESSURE1
   STRESS_XX
   STRESS_YY
   STRESS_ZZ
   STRESS_XY
   STRESS_XZ
   STRESS_YZ
   VELOCITY_X1
   VELOCITY_Y1
   VELOCITY_Z1
   DISPLACEMENT_X1
   DISPLACEMENT_Y1
   DISPLACEMENT_Z1
$GEO_TYPE
   POINT INJ_fault
$DAT_TYPE
   TECPLOT
$TIM_TYPE
   STEPS 200
#OUTPUT
$NOD_VALUES
   STRAIN_PLS
   PRESSURE1
   STRESS_XX
   STRESS_YY
   STRESS_ZZ
   STRESS_XY
   STRESS_XZ
   STRESS_YZ
   VELOCITY_X1
   VELOCITY_Y1
   VELOCITY_Z1
   DISPLACEMENT_X1
   DISPLACEMENT_Y1
   DISPLACEMENT_Z1
$GEO_TYPE
   POINT P2_fault
$DAT_TYPE
   TECPLOT
$TIM_TYPE
   STEPS 200
#OUTPUT
$NOD_VALUES
   STRAIN_PLS
   PRESSURE1
   STRESS_XX
   STRESS_YY
   STRESS_ZZ
   STRESS_XY
   STRESS_XZ
   STRESS_YZ
   VELOCITY_X1
   VELOCITY_Y1
   VELOCITY_Z1
   DISPLACEMENT_X1
   DISPLACEMENT_Y1
   DISPLACEMENT_Z1
$GEO_TYPE
   POINT P3
$DAT_TYPE
   TECPLOT
$TIM_TYPE
   STEPS 200
#OUTPUT
$NOD_VALUES
   PRESSURE1
$GEO_TYPE
   POINT INJ_POINT_00
$DAT_TYPE
   TECPLOT
$TIM_TYPE
   STEPS 200   
#OUTPUT
$NOD_VALUES
   STRAIN_PLS
   PRESSURE1
   STRESS_XX
   STRESS_YY
   STRESS_ZZ
   STRESS_XY
   STRESS_XZ
   STRESS_YZ
   VELOCITY_X1
   VELOCITY_Y1
   VELOCITY_Z1
   DISPLACEMENT_X1
   DISPLACEMENT_Y1
   DISPLACEMENT_Z1
$GEO_TYPE
   POINT INJ_POINT_13
$DAT_TYPE
   TECPLOT
$TIM_TYPE
   STEPS 200
#OUTPUT
$NOD_VALUES
   STRAIN_PLS
   PRESSURE1
   STRESS_XX
   STRESS_YY
   STRESS_ZZ
   STRESS_XY
   STRESS_XZ
   STRESS_YZ
   VELOCITY_X1
   VELOCITY_Y1
   VELOCITY_Z1
   DISPLACEMENT_X1
   DISPLACEMENT_Y1
   DISPLACEMENT_Z1
$GEO_TYPE
   POINT INJ_POINT_03
$DAT_TYPE
   TECPLOT
$TIM_TYPE
   STEPS 200
#OUTPUT
$NOD_VALUES
   STRAIN_PLS
   VELOCITY_X1
   VELOCITY_Y1
   VELOCITY_Z1 
   DISPLACEMENT_X1
   DISPLACEMENT_Y1
   DISPLACEMENT_Z1
   PRESSURE1   
   STRESS_XX
   STRESS_YY
   STRESS_ZZ
   STRESS_XY
   STRESS_XZ
   STRESS_YZ
 $GEO_TYPE
   POINT MP_18below
 $DAT_TYPE
   TECPLOT
 $TIM_TYPE
   STEPS 200
#OUTPUT
$NOD_VALUES
   STRAIN_PLS
   VELOCITY_X1
   VELOCITY_Y1
   VELOCITY_Z1 
   DISPLACEMENT_X1
   DISPLACEMENT_Y1
   DISPLACEMENT_Z1
   PRESSURE1   
   STRESS_XX
   STRESS_YY
   STRESS_ZZ
   STRESS_XY
   STRESS_XZ
   STRESS_YZ
 $GEO_TYPE
   POINT MP_18above
 $DAT_TYPE
   TECPLOT
 $TIM_TYPE
   STEPS 200
#OUTPUT
$NOD_VALUES
   STRAIN_PLS
   VELOCITY_X1
   VELOCITY_Y1
   VELOCITY_Z1 
   DISPLACEMENT_X1
   DISPLACEMENT_Y1
   DISPLACEMENT_Z1
   PRESSURE1   
   STRESS_XX
   STRESS_YY
   STRESS_ZZ
   STRESS_XY
   STRESS_XZ
   STRESS_YZ
 $GEO_TYPE
   POINT MP_18front
 $DAT_TYPE
   TECPLOT
 $TIM_TYPE
   STEPS 200
#OUTPUT
$NOD_VALUES
   STRAIN_PLS
   VELOCITY_X1
   VELOCITY_Y1
   VELOCITY_Z1 
   DISPLACEMENT_X1
   DISPLACEMENT_Y1
   DISPLACEMENT_Z1
   PRESSURE1   
   STRESS_XX
   STRESS_YY
   STRESS_ZZ
   STRESS_XY
   STRESS_XZ
   STRESS_YZ
 $GEO_TYPE
   POINT MP_18back
 $DAT_TYPE
   TECPLOT
 $TIM_TYPE
   STEPS 200
#OUTPUT
$PCS_TYPE
DEFORMATION
 $NOD_VALUES
   STRAIN_PLS  
   DISPLACEMENT_X1
   DISPLACEMENT_Y1
   DISPLACEMENT_Z1
   STRESS_XX
   STRESS_XY
   STRESS_XZ
   STRESS_YY
   STRESS_YZ
   STRESS_ZZ
   STRAIN_XX
   STRAIN_XY
   STRAIN_XZ
   STRAIN_YY
   STRAIN_YZ
   STRAIN_ZZ
 $GEO_TYPE
   DOMAIN 
 $DAT_TYPE
   BINARY
 $TIM_TYPE
   STEPS 200
#OUTPUT
  $PCS_TYPE
 LIQUID_FLOW
  $ELE_VALUES
 PERMEABILITY
 POROSITY
 VELOCITY
 VELOCITY1_X
 VELOCITY1_Y
 VELOCITY1_Z
  $GEO_TYPE
 DOMAIN
  $DAT_TYPE
 BINARY
  $TIM_TYPE
 STEPS 200
#STOP


#OUTPUT
$NOD_VALUES
   STRAIN_PLS
   PRESSURE1
   STRESS_XX
   STRESS_YY
   STRESS_ZZ
   STRESS_XY
   STRESS_XZ
   STRESS_YZ
   VELOCITY_X1
   VELOCITY_Y1
   VELOCITY_Z1
   DISPLACEMENT_X1
   DISPLACEMENT_Y1
   DISPLACEMENT_Z1
$GEO_TYPE
   POINT STRIKEX20
$DAT_TYPE
   TECPLOT
$TIM_TYPE
   STEPS 200
#OUTPUT
$NOD_VALUES
   STRAIN_PLS
   PRESSURE1
   STRESS_XX
   STRESS_YY
   STRESS_ZZ
   STRESS_XY
   STRESS_XZ
   STRESS_YZ
   VELOCITY_X1
   VELOCITY_Y1
   VELOCITY_Z1
   DISPLACEMENT_X1
   DISPLACEMENT_Y1
   DISPLACEMENT_Z1
$GEO_TYPE
   POINT STRIKEX19
   
$DAT_TYPE
   TECPLOT
$TIM_TYPE
   STEPS 200
#OUTPUT
$NOD_VALUES
   STRAIN_PLS
   PRESSURE1
   STRESS_XX
   STRESS_YY
   STRESS_ZZ
   STRESS_XY
   STRESS_XZ
   STRESS_YZ
   VELOCITY_X1
   VELOCITY_Y1
   VELOCITY_Z1
   DISPLACEMENT_X1
   DISPLACEMENT_Y1
   DISPLACEMENT_Z1
$GEO_TYPE
   POINT STRIKEX18
$DAT_TYPE
   TECPLOT
$TIM_TYPE
   STEPS 200
#OUTPUT
$NOD_VALUES
   STRAIN_PLS
   PRESSURE1
   STRESS_XX
   STRESS_YY
   STRESS_ZZ
   STRESS_XY
   STRESS_XZ
   STRESS_YZ
   VELOCITY_X1
   VELOCITY_Y1
   VELOCITY_Z1
   DISPLACEMENT_X1
   DISPLACEMENT_Y1
   DISPLACEMENT_Z1
$GEO_TYPE
   POINT STRIKEX17
$DAT_TYPE
   TECPLOT
$TIM_TYPE
   STEPS 200
#OUTPUT
$NOD_VALUES
   STRAIN_PLS
   PRESSURE1
   STRESS_XX
   STRESS_YY
   STRESS_ZZ
   STRESS_XY
   STRESS_XZ
   STRESS_YZ
   VELOCITY_X1
   VELOCITY_Y1
   VELOCITY_Z1
   DISPLACEMENT_X1
   DISPLACEMENT_Y1
   DISPLACEMENT_Z1
$GEO_TYPE
   POINT STRIKEX16
$DAT_TYPE
   TECPLOT
$TIM_TYPE
   STEPS 200
#OUTPUT
$NOD_VALUES
   STRAIN_PLS
   PRESSURE1
   STRESS_XX
   STRESS_YY
   STRESS_ZZ
   STRESS_XY
   STRESS_XZ
   STRESS_YZ
   VELOCITY_X1
   VELOCITY_Y1
   VELOCITY_Z1
   DISPLACEMENT_X1
   DISPLACEMENT_Y1
   DISPLACEMENT_Z1
$GEO_TYPE
   POINT STRIKEX15
$DAT_TYPE
   TECPLOT
$TIM_TYPE
   STEPS 200
#OUTPUT
$NOD_VALUES
   STRAIN_PLS
   PRESSURE1
   STRESS_XX
   STRESS_YY
   STRESS_ZZ
   STRESS_XY
   STRESS_XZ
   STRESS_YZ
   VELOCITY_X1
   VELOCITY_Y1
   VELOCITY_Z1
   DISPLACEMENT_X1
   DISPLACEMENT_Y1
   DISPLACEMENT_Z1
$GEO_TYPE
   POINT STRIKEX14
$DAT_TYPE
   TECPLOT
$TIM_TYPE
   STEPS 200
#OUTPUT
$NOD_VALUES
   STRAIN_PLS
   PRESSURE1
   STRESS_XX
   STRESS_YY
   STRESS_ZZ
   STRESS_XY
   STRESS_XZ
   STRESS_YZ
   VELOCITY_X1
   VELOCITY_Y1
   VELOCITY_Z1
   DISPLACEMENT_X1
   DISPLACEMENT_Y1
   DISPLACEMENT_Z1
$GEO_TYPE
   POINT STRIKEX13
$DAT_TYPE
   TECPLOT
$TIM_TYPE
   STEPS 200
#OUTPUT
$NOD_VALUES
   STRAIN_PLS
   PRESSURE1
   STRESS_XX
   STRESS_YY
   STRESS_ZZ
   STRESS_XY
   STRESS_XZ
   STRESS_YZ
   VELOCITY_X1
   VELOCITY_Y1
   VELOCITY_Z1
   DISPLACEMENT_X1
   DISPLACEMENT_Y1
   DISPLACEMENT_Z1
$GEO_TYPE
   POINT STRIKEX12
$DAT_TYPE
   TECPLOT
$TIM_TYPE
   STEPS 200
#OUTPUT
$NOD_VALUES
   STRAIN_PLS
   PRESSURE1
   STRESS_XX
   STRESS_YY
   STRESS_ZZ
   STRESS_XY
   STRESS_XZ
   STRESS_YZ
   VELOCITY_X1
   VELOCITY_Y1
   VELOCITY_Z1
   DISPLACEMENT_X1
   DISPLACEMENT_Y1
   DISPLACEMENT_Z1
$GEO_TYPE
   POINT STRIKEX11
$DAT_TYPE
   TECPLOT
$TIM_TYPE
   STEPS 200
#OUTPUT
$NOD_VALUES
   STRAIN_PLS
   PRESSURE1
   STRESS_XX
   STRESS_YY
   STRESS_ZZ
   STRESS_XY
   STRESS_XZ
   STRESS_YZ
   VELOCITY_X1
   VELOCITY_Y1
   VELOCITY_Z1
   DISPLACEMENT_X1
   DISPLACEMENT_Y1
   DISPLACEMENT_Z1
$GEO_TYPE
   POINT STRIKEX10
$DAT_TYPE
   TECPLOT
$TIM_TYPE
   STEPS 200
#OUTPUT
$NOD_VALUES
   STRAIN_PLS
   PRESSURE1
   STRESS_XX
   STRESS_YY
   STRESS_ZZ
   STRESS_XY
   STRESS_XZ
   STRESS_YZ
   VELOCITY_X1
   VELOCITY_Y1
   VELOCITY_Z1
   DISPLACEMENT_X1
   DISPLACEMENT_Y1
   DISPLACEMENT_Z1
$GEO_TYPE
   POINT STRIKEX9
$DAT_TYPE
   TECPLOT
$TIM_TYPE
   STEPS 200
#OUTPUT
$NOD_VALUES
   STRAIN_PLS
   PRESSURE1
   STRESS_XX
   STRESS_YY
   STRESS_ZZ
   STRESS_XY
   STRESS_XZ
   STRESS_YZ
   VELOCITY_X1
   VELOCITY_Y1
   VELOCITY_Z1
   DISPLACEMENT_X1
   DISPLACEMENT_Y1
   DISPLACEMENT_Z1
$GEO_TYPE
   POINT STRIKEX8
$DAT_TYPE
   TECPLOT
$TIM_TYPE
   STEPS 200
#OUTPUT
$NOD_VALUES
   STRAIN_PLS
   PRESSURE1
   STRESS_XX
   STRESS_YY
   STRESS_ZZ
   STRESS_XY
   STRESS_XZ
   STRESS_YZ
   VELOCITY_X1
   VELOCITY_Y1
   VELOCITY_Z1
   DISPLACEMENT_X1
   DISPLACEMENT_Y1
   DISPLACEMENT_Z1
$GEO_TYPE
   POINT STRIKEX7
$DAT_TYPE
   TECPLOT
$TIM_TYPE
   STEPS 200
#OUTPUT
$NOD_VALUES
   STRAIN_PLS
   PRESSURE1
   STRESS_XX
   STRESS_YY
   STRESS_ZZ
   STRESS_XY
   STRESS_XZ
   STRESS_YZ
   VELOCITY_X1
   VELOCITY_Y1
   VELOCITY_Z1
   DISPLACEMENT_X1
   DISPLACEMENT_Y1
   DISPLACEMENT_Z1
$GEO_TYPE
   POINT STRIKEX6
$DAT_TYPE
   TECPLOT
$TIM_TYPE
   STEPS 200
#OUTPUT
$NOD_VALUES
   STRAIN_PLS
   PRESSURE1
   STRESS_XX
   STRESS_YY
   STRESS_ZZ
   STRESS_XY
   STRESS_XZ
   STRESS_YZ
   VELOCITY_X1
   VELOCITY_Y1
   VELOCITY_Z1
   DISPLACEMENT_X1
   DISPLACEMENT_Y1
   DISPLACEMENT_Z1
$GEO_TYPE
   POINT STRIKEX5
$DAT_TYPE
   TECPLOT
$TIM_TYPE
   STEPS 200
#OUTPUT
$NOD_VALUES
   STRAIN_PLS
   PRESSURE1
   STRESS_XX
   STRESS_YY
   STRESS_ZZ
   STRESS_XY
   STRESS_XZ
   STRESS_YZ
   VELOCITY_X1
   VELOCITY_Y1
   VELOCITY_Z1
   DISPLACEMENT_X1
   DISPLACEMENT_Y1
   DISPLACEMENT_Z1
$GEO_TYPE
   POINT STRIKEX4
$DAT_TYPE
   TECPLOT
$TIM_TYPE
   STEPS 200
#OUTPUT
$NOD_VALUES
   STRAIN_PLS
   PRESSURE1
   STRESS_XX
   STRESS_YY
   STRESS_ZZ
   STRESS_XY
   STRESS_XZ
   STRESS_YZ
   VELOCITY_X1
   VELOCITY_Y1
   VELOCITY_Z1
   DISPLACEMENT_X1
   DISPLACEMENT_Y1
   DISPLACEMENT_Z1
$GEO_TYPE
   POINT STRIKEX3
$DAT_TYPE
   TECPLOT
$TIM_TYPE
   STEPS 200
#OUTPUT
$NOD_VALUES
   STRAIN_PLS
   PRESSURE1
   STRESS_XX
   STRESS_YY
   STRESS_ZZ
   STRESS_XY
   STRESS_XZ
   STRESS_YZ
   VELOCITY_X1
   VELOCITY_Y1
   VELOCITY_Z1
   DISPLACEMENT_X1
   DISPLACEMENT_Y1
   DISPLACEMENT_Z1
$GEO_TYPE
   POINT STRIKEX2
$DAT_TYPE
   TECPLOT
$TIM_TYPE
   STEPS 200
#OUTPUT
$NOD_VALUES
   STRAIN_PLS
   PRESSURE1
   STRESS_XX
   STRESS_YY
   STRESS_ZZ
   STRESS_XY
   STRESS_XZ
   STRESS_YZ
   VELOCITY_X1
   VELOCITY_Y1
   VELOCITY_Z1
   DISPLACEMENT_X1
   DISPLACEMENT_Y1
   DISPLACEMENT_Z1
$GEO_TYPE
   POINT STRIKEX1
$DAT_TYPE
   TECPLOT
$TIM_TYPE
   STEPS 200
#OUTPUT
$NOD_VALUES
   STRAIN_PLS
   PRESSURE1
   STRESS_XX
   STRESS_YY
   STRESS_ZZ
   STRESS_XY
   STRESS_XZ
   STRESS_YZ
   VELOCITY_X1
   VELOCITY_Y1
   VELOCITY_Z1
   DISPLACEMENT_X1
   DISPLACEMENT_Y1
   DISPLACEMENT_Z1
$GEO_TYPE
   POINT STRIKEX0
$DAT_TYPE
   TECPLOT
$TIM_TYPE
   STEPS 200
#OUTPUT
$NOD_VALUES
   STRAIN_PLS
   PRESSURE1
   STRESS_XX
   STRESS_YY
   STRESS_ZZ
   STRESS_XY
   STRESS_XZ
   STRESS_YZ
   VELOCITY_X1
   VELOCITY_Y1
   VELOCITY_Z1
   DISPLACEMENT_X1
   DISPLACEMENT_Y1
   DISPLACEMENT_Z1
$GEO_TYPE
   POINT DIPZ-20
$DAT_TYPE
   TECPLOT
$TIM_TYPE
   STEPS 200
#OUTPUT
$NOD_VALUES
   STRAIN_PLS
   PRESSURE1
   STRESS_XX
   STRESS_YY
   STRESS_ZZ
   STRESS_XY
   STRESS_XZ
   STRESS_YZ
   VELOCITY_X1
   VELOCITY_Y1
   VELOCITY_Z1
   DISPLACEMENT_X1
   DISPLACEMENT_Y1
   DISPLACEMENT_Z1
$GEO_TYPE
   POINT DIPZ-19
$DAT_TYPE
   TECPLOT
$TIM_TYPE
   STEPS 200
#OUTPUT
$NOD_VALUES
   STRAIN_PLS
   PRESSURE1
   STRESS_XX
   STRESS_YY
   STRESS_ZZ
   STRESS_XY
   STRESS_XZ
   STRESS_YZ
   VELOCITY_X1
   VELOCITY_Y1
   VELOCITY_Z1
   DISPLACEMENT_X1
   DISPLACEMENT_Y1
   DISPLACEMENT_Z1
$GEO_TYPE
   POINT DIPZ-18
$DAT_TYPE
   TECPLOT
$TIM_TYPE
   STEPS 200
#OUTPUT
$NOD_VALUES
   STRAIN_PLS
   PRESSURE1
   STRESS_XX
   STRESS_YY
   STRESS_ZZ
   STRESS_XY
   STRESS_XZ
   STRESS_YZ
   VELOCITY_X1
   VELOCITY_Y1
   VELOCITY_Z1
   DISPLACEMENT_X1
   DISPLACEMENT_Y1
   DISPLACEMENT_Z1
$GEO_TYPE
   POINT DIPZ-17
$DAT_TYPE
   TECPLOT
$TIM_TYPE
   STEPS 200
#OUTPUT
$NOD_VALUES
   STRAIN_PLS
   PRESSURE1
   STRESS_XX
   STRESS_YY
   STRESS_ZZ
   STRESS_XY
   STRESS_XZ
   STRESS_YZ
   VELOCITY_X1
   VELOCITY_Y1
   VELOCITY_Z1
   DISPLACEMENT_X1
   DISPLACEMENT_Y1
   DISPLACEMENT_Z1
$GEO_TYPE
   POINT DIPZ-16
$DAT_TYPE
   TECPLOT
$TIM_TYPE
   STEPS 200
#OUTPUT
$NOD_VALUES
   STRAIN_PLS
   PRESSURE1
   STRESS_XX
   STRESS_YY
   STRESS_ZZ
   STRESS_XY
   STRESS_XZ
   STRESS_YZ
   VELOCITY_X1
   VELOCITY_Y1
   VELOCITY_Z1
   DISPLACEMENT_X1
   DISPLACEMENT_Y1
   DISPLACEMENT_Z1
$GEO_TYPE
   POINT DIPZ-15
$DAT_TYPE
   TECPLOT
$TIM_TYPE
   STEPS 200
#OUTPUT
$NOD_VALUES
   STRAIN_PLS
   PRESSURE1
   STRESS_XX
   STRESS_YY
   STRESS_ZZ
   STRESS_XY
   STRESS_XZ
   STRESS_YZ
   VELOCITY_X1
   VELOCITY_Y1
   VELOCITY_Z1
   DISPLACEMENT_X1
   DISPLACEMENT_Y1
   DISPLACEMENT_Z1
$GEO_TYPE
   POINT DIPZ-14
$DAT_TYPE
   TECPLOT
$TIM_TYPE
   STEPS 200
#OUTPUT
$NOD_VALUES
   STRAIN_PLS
   PRESSURE1
   STRESS_XX
   STRESS_YY
   STRESS_ZZ
   STRESS_XY
   STRESS_XZ
   STRESS_YZ
   VELOCITY_X1
   VELOCITY_Y1
   VELOCITY_Z1
   DISPLACEMENT_X1
   DISPLACEMENT_Y1
   DISPLACEMENT_Z1
$GEO_TYPE
   POINT DIPZ-13
$DAT_TYPE
   TECPLOT
$TIM_TYPE
   STEPS 200
#OUTPUT
$NOD_VALUES
   STRAIN_PLS
   PRESSURE1
   STRESS_XX
   STRESS_YY
   STRESS_ZZ
   STRESS_XY
   STRESS_XZ
   STRESS_YZ
   VELOCITY_X1
   VELOCITY_Y1
   VELOCITY_Z1
   DISPLACEMENT_X1
   DISPLACEMENT_Y1
   DISPLACEMENT_Z1
$GEO_TYPE
   POINT DIPZ-12
$DAT_TYPE
   TECPLOT
$TIM_TYPE
   STEPS 200
#OUTPUT
$NOD_VALUES
   STRAIN_PLS
   PRESSURE1
   STRESS_XX
   STRESS_YY
   STRESS_ZZ
   STRESS_XY
   STRESS_XZ
   STRESS_YZ
   VELOCITY_X1
   VELOCITY_Y1
   VELOCITY_Z1
   DISPLACEMENT_X1
   DISPLACEMENT_Y1
   DISPLACEMENT_Z1
$GEO_TYPE
   POINT DIPZ-11
$DAT_TYPE
   TECPLOT
$TIM_TYPE
   STEPS 200
#OUTPUT
$NOD_VALUES
   STRAIN_PLS
   PRESSURE1
   STRESS_XX
   STRESS_YY
   STRESS_ZZ
   STRESS_XY
   STRESS_XZ
   STRESS_YZ
   VELOCITY_X1
   VELOCITY_Y1
   VELOCITY_Z1
   DISPLACEMENT_X1
   DISPLACEMENT_Y1
   DISPLACEMENT_Z1
$GEO_TYPE
   POINT DIPZ-10
$DAT_TYPE
   TECPLOT
$TIM_TYPE
   STEPS 200
#OUTPUT
$NOD_VALUES
   STRAIN_PLS
   PRESSURE1
   STRESS_XX
   STRESS_YY
   STRESS_ZZ
   STRESS_XY
   STRESS_XZ
   STRESS_YZ
   VELOCITY_X1
   VELOCITY_Y1
   VELOCITY_Z1
   DISPLACEMENT_X1
   DISPLACEMENT_Y1
   DISPLACEMENT_Z1
$GEO_TYPE
   POINT DIPZ-9
$DAT_TYPE
   TECPLOT
$TIM_TYPE
   STEPS 200
#OUTPUT
$NOD_VALUES
   STRAIN_PLS
   PRESSURE1
   STRESS_XX
   STRESS_YY
   STRESS_ZZ
   STRESS_XY
   STRESS_XZ
   STRESS_YZ
   VELOCITY_X1
   VELOCITY_Y1
   VELOCITY_Z1
   DISPLACEMENT_X1
   DISPLACEMENT_Y1
   DISPLACEMENT_Z1
$GEO_TYPE
   POINT DIPZ-8
$DAT_TYPE
   TECPLOT
$TIM_TYPE
   STEPS 200
#OUTPUT
$NOD_VALUES
   STRAIN_PLS
   PRESSURE1
   STRESS_XX
   STRESS_YY
   STRESS_ZZ
   STRESS_XY
   STRESS_XZ
   STRESS_YZ
   VELOCITY_X1
   VELOCITY_Y1
   VELOCITY_Z1
   DISPLACEMENT_X1
   DISPLACEMENT_Y1
   DISPLACEMENT_Z1
$GEO_TYPE
   POINT DIPZ-7
$DAT_TYPE
   TECPLOT
$TIM_TYPE
   STEPS 200
#OUTPUT
$NOD_VALUES
   STRAIN_PLS
   PRESSURE1
   STRESS_XX
   STRESS_YY
   STRESS_ZZ
   STRESS_XY
   STRESS_XZ
   STRESS_YZ
   VELOCITY_X1
   VELOCITY_Y1
   VELOCITY_Z1
   DISPLACEMENT_X1
   DISPLACEMENT_Y1
   DISPLACEMENT_Z1
$GEO_TYPE
   POINT DIPZ-6
$DAT_TYPE
   TECPLOT
$TIM_TYPE
   STEPS 200
#OUTPUT
$NOD_VALUES
   STRAIN_PLS
   PRESSURE1
   STRESS_XX
   STRESS_YY
   STRESS_ZZ
   STRESS_XY
   STRESS_XZ
   STRESS_YZ
   VELOCITY_X1
   VELOCITY_Y1
   VELOCITY_Z1
   DISPLACEMENT_X1
   DISPLACEMENT_Y1
   DISPLACEMENT_Z1
$GEO_TYPE
   POINT DIPZ-5
$DAT_TYPE
   TECPLOT
$TIM_TYPE
   STEPS 200
#OUTPUT
$NOD_VALUES
   STRAIN_PLS
   PRESSURE1
   STRESS_XX
   STRESS_YY
   STRESS_ZZ
   STRESS_XY
   STRESS_XZ
   STRESS_YZ
   VELOCITY_X1
   VELOCITY_Y1
   VELOCITY_Z1
   DISPLACEMENT_X1
   DISPLACEMENT_Y1
   DISPLACEMENT_Z1
$GEO_TYPE
   POINT DIPZ-4
$DAT_TYPE
   TECPLOT
$TIM_TYPE
   STEPS 200
#OUTPUT
$NOD_VALUES
   STRAIN_PLS
   PRESSURE1
   STRESS_XX
   STRESS_YY
   STRESS_ZZ
   STRESS_XY
   STRESS_XZ
   STRESS_YZ
   VELOCITY_X1
   VELOCITY_Y1
   VELOCITY_Z1
   DISPLACEMENT_X1
   DISPLACEMENT_Y1
   DISPLACEMENT_Z1
$GEO_TYPE
   POINT DIPZ-3
$DAT_TYPE
   TECPLOT
$TIM_TYPE
   STEPS 200
#OUTPUT
$NOD_VALUES
   STRAIN_PLS
   PRESSURE1
   STRESS_XX
   STRESS_YY
   STRESS_ZZ
   STRESS_XY
   STRESS_XZ
   STRESS_YZ
   VELOCITY_X1
   VELOCITY_Y1
   VELOCITY_Z1
   DISPLACEMENT_X1
   DISPLACEMENT_Y1
   DISPLACEMENT_Z1
$GEO_TYPE
   POINT DIPZ-2
$DAT_TYPE
   TECPLOT
$TIM_TYPE
   STEPS 200
#OUTPUT
$NOD_VALUES
   STRAIN_PLS
   PRESSURE1
   STRESS_XX
   STRESS_YY
   STRESS_ZZ
   STRESS_XY
   STRESS_XZ
   STRESS_YZ
   VELOCITY_X1
   VELOCITY_Y1
   VELOCITY_Z1
   DISPLACEMENT_X1
   DISPLACEMENT_Y1
   DISPLACEMENT_Z1
$GEO_TYPE
   POINT DIPZ-1
$DAT_TYPE
   TECPLOT
$TIM_TYPE
   STEPS 200
#OUTPUT
$NOD_VALUES
   STRAIN_PLS
   PRESSURE1
   STRESS_XX
   STRESS_YY
   STRESS_ZZ
   STRESS_XY
   STRESS_XZ
   STRESS_YZ
   VELOCITY_X1
   VELOCITY_Y1
   VELOCITY_Z1
   DISPLACEMENT_X1
   DISPLACEMENT_Y1
   DISPLACEMENT_Z1
$GEO_TYPE
   POINT DIPZ-0
$DAT_TYPE
   TECPLOT
$TIM_TYPE
   STEPS 200 



